[    0.000000] Initializing cgroup subsys cpuset
[    0.000000] Initializing cgroup subsys cpu
[    0.000000] Initializing cgroup subsys cpuacct
[    0.000000] Linux version 4.4.0-170-generic (buildd@lcy01-amd64-019) (gcc version 5.4.0 20160609 (Ubuntu 5.4.0-6ubuntu1~16.04.12) ) #199-Ubuntu SMP Thu Nov 14 01:45:04 UTC 2019 (Ubuntu 4.4.0-170.199-generic 4.4.200)
[    0.000000] Command line: BOOT_IMAGE=/boot/vmlinuz-4.4.0-170-generic root=LABEL=cloudimg-rootfs ro console=tty1 console=ttyS0
[    0.000000] KERNEL supported cpus:
[    0.000000]   Intel GenuineIntel
[    0.000000]   AMD AuthenticAMD
[    0.000000]   Centaur CentaurHauls
[    0.000000] x86/fpu: xstate_offset[2]:  576, xstate_sizes[2]:  256
[    0.000000] x86/fpu: Supporting XSAVE feature 0x01: 'x87 floating point registers'
[    0.000000] x86/fpu: Supporting XSAVE feature 0x02: 'SSE registers'
[    0.000000] x86/fpu: Supporting XSAVE feature 0x04: 'AVX registers'
[    0.000000] x86/fpu: Enabled xstate features 0x7, context size is 832 bytes, using 'standard' format.
[    0.000000] e820: BIOS-provided physical RAM map:
[    0.000000] BIOS-e820: [mem 0x0000000000000000-0x000000000009fbff] usable
[    0.000000] BIOS-e820: [mem 0x000000000009fc00-0x000000000009ffff] reserved
[    0.000000] BIOS-e820: [mem 0x00000000000f0000-0x00000000000fffff] reserved
[    0.000000] BIOS-e820: [mem 0x0000000000100000-0x000000003ffeffff] usable
[    0.000000] BIOS-e820: [mem 0x000000003fff0000-0x000000003fffffff] ACPI data
[    0.000000] BIOS-e820: [mem 0x00000000fec00000-0x00000000fec00fff] reserved
[    0.000000] BIOS-e820: [mem 0x00000000fee00000-0x00000000fee00fff] reserved
[    0.000000] BIOS-e820: [mem 0x00000000fffc0000-0x00000000ffffffff] reserved
[    0.000000] NX (Execute Disable) protection: active
[    0.000000] SMBIOS 2.5 present.
[    0.000000] Hypervisor detected: KVM
[    0.000000] Kernel/User page tables isolation: disabled
[    0.000000] e820: last_pfn = 0x3fff0 max_arch_pfn = 0x400000000
[    0.000000] MTRR: Disabled
[    0.000000] x86/PAT: MTRRs disabled, skipping PAT initialization too.
[    0.000000] CPU MTRRs all blank - virtualized system.
[    0.000000] x86/PAT: Configuration [0-7]: WB  WT  UC- UC  WB  WT  UC- UC  
[    0.000000] found SMP MP-table at [mem 0x0009fff0-0x0009ffff] mapped at [ffff88000009fff0]
[    0.000000] Scanning 1 areas for low memory corruption
[    0.000000] RAMDISK: [mem 0x362fa000-0x37174fff]
[    0.000000] ACPI: Early table checksum verification disabled
[    0.000000] ACPI: RSDP 0x00000000000E0000 000024 (v02 VBOX  )
[    0.000000] ACPI: XSDT 0x000000003FFF0030 00003C (v01 VBOX   VBOXXSDT 00000001 ASL  00000061)
[    0.000000] ACPI: FACP 0x000000003FFF00F0 0000F4 (v04 VBOX   VBOXFACP 00000001 ASL  00000061)
[    0.000000] ACPI: DSDT 0x000000003FFF0470 0022EA (v02 VBOX   VBOXBIOS 00000002 INTL 20100528)
[    0.000000] ACPI: FACS 0x000000003FFF0200 000040
[    0.000000] ACPI: FACS 0x000000003FFF0200 000040
[    0.000000] ACPI: APIC 0x000000003FFF0240 00005C (v02 VBOX   VBOXAPIC 00000001 ASL  00000061)
[    0.000000] ACPI: SSDT 0x000000003FFF02A0 0001CC (v01 VBOX   VBOXCPUT 00000002 INTL 20100528)
[    0.000000] No NUMA configuration found
[    0.000000] Faking a node at [mem 0x0000000000000000-0x000000003ffeffff]
[    0.000000] NODE_DATA(0) allocated [mem 0x3ffeb000-0x3ffeffff]
[    0.000000] kvm-clock: Using msrs 4b564d01 and 4b564d00
[    0.000000] kvm-clock: cpu 0, msr 0:3ffe3001, primary cpu clock
[    0.000000] kvm-clock: using sched offset of 3293693373 cycles
[    0.000000] clocksource: kvm-clock: mask: 0xffffffffffffffff max_cycles: 0x1cd42e4dffb, max_idle_ns: 881590591483 ns
[    0.000000] Zone ranges:
[    0.000000]   DMA      [mem 0x0000000000001000-0x0000000000ffffff]
[    0.000000]   DMA32    [mem 0x0000000001000000-0x000000003ffeffff]
[    0.000000]   Normal   empty
[    0.000000]   Device   empty
[    0.000000] Movable zone start for each node
[    0.000000] Early memory node ranges
[    0.000000]   node   0: [mem 0x0000000000001000-0x000000000009efff]
[    0.000000]   node   0: [mem 0x0000000000100000-0x000000003ffeffff]
[    0.000000] Initmem setup node 0 [mem 0x0000000000001000-0x000000003ffeffff]
[    0.000000] ACPI: PM-Timer IO Port: 0x4008
[    0.000000] IOAPIC[0]: apic_id 2, version 32, address 0xfec00000, GSI 0-23
[    0.000000] ACPI: INT_SRC_OVR (bus 0 bus_irq 0 global_irq 2 dfl dfl)
[    0.000000] ACPI: INT_SRC_OVR (bus 0 bus_irq 9 global_irq 9 low level)
[    0.000000] Using ACPI (MADT) for SMP configuration information
[    0.000000] smpboot: Allowing 2 CPUs, 0 hotplug CPUs
[    0.000000] PM: Registered nosave memory: [mem 0x00000000-0x00000fff]
[    0.000000] PM: Registered nosave memory: [mem 0x0009f000-0x0009ffff]
[    0.000000] PM: Registered nosave memory: [mem 0x000a0000-0x000effff]
[    0.000000] PM: Registered nosave memory: [mem 0x000f0000-0x000fffff]
[    0.000000] e820: [mem 0x40000000-0xfebfffff] available for PCI devices
[    0.000000] Booting paravirtualized kernel on KVM
[    0.000000] clocksource: refined-jiffies: mask: 0xffffffff max_cycles: 0xffffffff, max_idle_ns: 7645519600211568 ns
[    0.000000] setup_percpu: NR_CPUS:512 nr_cpumask_bits:512 nr_cpu_ids:2 nr_node_ids:1
[    0.000000] PERCPU: Embedded 33 pages/cpu @ffff88003fc00000 s95448 r8192 d31528 u1048576
[    0.000000] Built 1 zonelists in Node order, mobility grouping on.  Total pages: 257912
[    0.000000] Policy zone: DMA32
[    0.000000] Kernel command line: BOOT_IMAGE=/boot/vmlinuz-4.4.0-170-generic root=LABEL=cloudimg-rootfs ro console=tty1 console=ttyS0
[    0.000000] PID hash table entries: 4096 (order: 3, 32768 bytes)
[    0.000000] Memory: 997728K/1048120K available (8626K kernel code, 1336K rwdata, 4036K rodata, 1488K init, 1288K bss, 50392K reserved, 0K cma-reserved)
[    0.000000] SLUB: HWalign=64, Order=0-3, MinObjects=0, CPUs=2, Nodes=1
[    0.000000] Hierarchical RCU implementation.
[    0.000000] 	Build-time adjustment of leaf fanout to 64.
[    0.000000] 	RCU restricting CPUs from NR_CPUS=512 to nr_cpu_ids=2.
[    0.000000] RCU: Adjusting geometry for rcu_fanout_leaf=64, nr_cpu_ids=2
[    0.000000] NR_IRQS:33024 nr_irqs:440 16
[    0.000000] Console: colour VGA+ 80x25
[    0.000000] console [tty1] enabled
[    0.000000] console [ttyS0] enabled
[    0.000000] tsc: Detected 1992.004 MHz processor
[    0.113997] Calibrating delay loop (skipped) preset value.. 3984.00 BogoMIPS (lpj=7968016)
[    0.115362] pid_max: default: 32768 minimum: 301
[    0.116070] ACPI: Core revision 20150930
[    0.117445] ACPI: 2 ACPI AML tables successfully acquired and loaded
[    0.118799] Security Framework initialized
[    0.119435] Yama: becoming mindful.
[    0.119989] AppArmor: AppArmor initialized
[    0.120762] Dentry cache hash table entries: 131072 (order: 8, 1048576 bytes)
[    0.122023] Inode-cache hash table entries: 65536 (order: 7, 524288 bytes)
[    0.125359] Mount-cache hash table entries: 2048 (order: 2, 16384 bytes)
[    0.126322] Mountpoint-cache hash table entries: 2048 (order: 2, 16384 bytes)
[    0.127356] Initializing cgroup subsys io
[    0.127955] Initializing cgroup subsys memory
[    0.128581] Initializing cgroup subsys devices
[    0.129321] Initializing cgroup subsys freezer
[    0.130008] Initializing cgroup subsys net_cls
[    0.130799] Initializing cgroup subsys perf_event
[    0.131548] Initializing cgroup subsys net_prio
[    0.132330] Initializing cgroup subsys hugetlb
[    0.132969] Initializing cgroup subsys pids
[    0.134705] mce: CPU supports 0 MCE banks
[    0.135447] Last level iTLB entries: 4KB 64, 2MB 8, 4MB 8
[    0.136245] Last level dTLB entries: 4KB 64, 2MB 0, 4MB 0, 1GB 4
[    0.137131] Spectre V1 : Mitigation: usercopy/swapgs barriers and __user pointer sanitization
[    0.138595] Spectre V2 : Mitigation: Enhanced IBRS
[    0.139397] Spectre V2 : Spectre v2 / SpectreRSB mitigation: Filling RSB on context switch
[    0.140590] Speculative Store Bypass: Vulnerable
[    0.143345] Freeing SMP alternatives memory: 36K
[    0.148698] ftrace: allocating 32302 entries in 127 pages
[    0.186088] smpboot: APIC(0) Converting physical 0 to logical package 0
[    0.187122] smpboot: Max logical packages: 1
[    0.188066] x2apic enabled
[    0.188712] Switched APIC routing to physical x2apic.
[    0.190271] ..TIMER: vector=0x30 apic1=0 pin1=2 apic2=-1 pin2=-1
[    0.299408] smpboot: CPU0: Intel(R) Core(TM) i7-8565U CPU @ 1.80GHz (family: 0x6, model: 0x8e, stepping: 0xc)
[    0.301274] Performance Events: unsupported p6 CPU model 142 no PMU driver, software events only.
[    0.310551] KVM setup paravirtual spinlock
[    0.311803] x86: Booting SMP configuration:
[    0.312408] .... node  #0, CPUs:      #1
[    0.313265] kvm-clock: cpu 1, msr 0:3ffe3041, secondary cpu clock
[    0.315181] mce: CPU supports 0 MCE banks
[    0.317621] x86: Booted up 1 node, 2 CPUs
[    0.318601] smpboot: Total of 2 processors activated (7968.01 BogoMIPS)
[    0.319949] devtmpfs: initialized
[    0.321845] evm: security.selinux
[    0.322366] evm: security.SMACK64
[    0.322997] evm: security.SMACK64EXEC
[    0.323615] evm: security.SMACK64TRANSMUTE
[    0.324210] evm: security.SMACK64MMAP
[    0.324786] evm: security.ima
[    0.325272] evm: security.capability
[    0.326203] clocksource: jiffies: mask: 0xffffffff max_cycles: 0xffffffff, max_idle_ns: 7645041785100000 ns
[    0.327602] futex hash table entries: 512 (order: 3, 32768 bytes)
[    0.328592] pinctrl core: initialized pinctrl subsystem
[    0.329437] RTC time: 12:44:46, date: 01/28/20
[    0.332634] NET: Registered protocol family 16
[    0.344449] cpuidle: using governor ladder
[    0.357978] cpuidle: using governor menu
[    0.358842] PCCT header not found.
[    0.359450] ACPI: bus type PCI registered
[    0.360122] acpiphp: ACPI Hot Plug PCI Controller Driver version: 0.5
[    0.361122] PCI: Using configuration type 1 for base access
[    0.373598] ACPI: Added _OSI(Module Device)
[    0.374365] ACPI: Added _OSI(Processor Device)
[    0.375065] ACPI: Added _OSI(3.0 _SCP Extensions)
[    0.375709] ACPI: Added _OSI(Processor Aggregator Device)
[    0.377014] ACPI: Executed 1 blocks of module-level executable AML code
[    0.379468] ACPI: Interpreter enabled
[    0.380115] ACPI: (supports S0 S5)
[    0.380648] ACPI: Using IOAPIC for interrupt routing
[    0.381503] PCI: Using host bridge windows from ACPI; if necessary, use "pci=nocrs" and report a bug
[    0.385511] ACPI: PCI Root Bridge [PCI0] (domain 0000 [bus 00-ff])
[    0.386485] acpi PNP0A03:00: _OSC: OS supports [ASPM ClockPM Segments MSI]
[    0.387706] acpi PNP0A03:00: _OSC: not requesting OS control; OS requires [ExtendedConfig ASPM ClockPM MSI]
[    0.388970] acpi PNP0A03:00: fail to add MMCONFIG information, can't access extended PCI configuration space under this bridge.
[    0.390932] PCI host bridge to bus 0000:00
[    0.391613] pci_bus 0000:00: root bus resource [io  0x0000-0x0cf7 window]
[    0.392484] pci_bus 0000:00: root bus resource [io  0x0d00-0xffff window]
[    0.393381] pci_bus 0000:00: root bus resource [mem 0x000a0000-0x000bffff window]
[    0.394690] pci_bus 0000:00: root bus resource [mem 0x40000000-0xfdffffff window]
[    0.395894] pci_bus 0000:00: root bus resource [bus 00-ff]
[    0.397697] pci 0000:00:01.1: legacy IDE quirk: reg 0x10: [io  0x01f0-0x01f7]
[    0.398582] pci 0000:00:01.1: legacy IDE quirk: reg 0x14: [io  0x03f6]
[    0.399540] pci 0000:00:01.1: legacy IDE quirk: reg 0x18: [io  0x0170-0x0177]
[    0.400469] pci 0000:00:01.1: legacy IDE quirk: reg 0x1c: [io  0x0376]
[    0.412040] pci 0000:00:07.0: quirk: [io  0x4000-0x403f] claimed by PIIX4 ACPI
[    0.420102] pci 0000:00:07.0: quirk: [io  0x4100-0x410f] claimed by PIIX4 SMB
[    0.424908] ACPI: PCI Interrupt Link [LNKA] (IRQs 5 9 10 *11)
[    0.426352] ACPI: PCI Interrupt Link [LNKB] (IRQs 5 9 *10 11)
[    0.427690] ACPI: PCI Interrupt Link [LNKC] (IRQs 5 *9 10 11)
[    0.428964] ACPI: PCI Interrupt Link [LNKD] (IRQs 5 9 10 *11)
[    0.430132] ACPI: Enabled 2 GPEs in block 00 to 07
[    0.431145] vgaarb: setting as boot device: PCI:0000:00:02.0
[    0.431900] vgaarb: device added: PCI:0000:00:02.0,decodes=io+mem,owns=io+mem,locks=none
[    0.432994] vgaarb: loaded
[    0.433480] vgaarb: bridge control possible 0000:00:02.0
[    0.434317] SCSI subsystem initialized
[    0.435341] ACPI: bus type USB registered
[    0.435942] usbcore: registered new interface driver usbfs
[    0.436638] usbcore: registered new interface driver hub
[    0.437416] usbcore: registered new device driver usb
[    0.438631] PCI: Using ACPI for IRQ routing
[    0.439438] NetLabel: Initializing
[    0.439964] NetLabel:  domain hash size = 128
[    0.440568] NetLabel:  protocols = UNLABELED CIPSOv4
[    0.441218] NetLabel:  unlabeled traffic allowed by default
[    0.442115] amd_nb: Cannot enumerate AMD northbridges
[    0.442828] clocksource: Switched to clocksource kvm-clock
[    0.451899] AppArmor: AppArmor Filesystem Enabled
[    0.452954] pnp: PnP ACPI init
[    0.454112] pnp: PnP ACPI: found 3 devices
[    0.463367] clocksource: acpi_pm: mask: 0xffffff max_cycles: 0xffffff, max_idle_ns: 2085701024 ns
[    0.464576] NET: Registered protocol family 2
[    0.465361] TCP established hash table entries: 8192 (order: 4, 65536 bytes)
[    0.466289] TCP bind hash table entries: 8192 (order: 5, 131072 bytes)
[    0.467220] TCP: Hash tables configured (established 8192 bind 8192)
[    0.468286] UDP hash table entries: 512 (order: 2, 16384 bytes)
[    0.469084] UDP-Lite hash table entries: 512 (order: 2, 16384 bytes)
[    0.470024] NET: Registered protocol family 1
[    0.470681] pci 0000:00:00.0: Limiting direct PCI/PCI transfers
[    0.471550] pci 0000:00:01.0: Activating ISA DMA hang workarounds
[    0.474383] Unpacking initramfs...
[    0.679338] Freeing initrd memory: 14828K
[    0.680145] clocksource: tsc: mask: 0xffffffffffffffff max_cycles: 0x396d59a56c3, max_idle_ns: 881590573781 ns
[    0.681690] platform rtc_cmos: registered platform RTC device (no PNP device found)
[    0.682998] Scanning for low memory corruption every 60 seconds
[    0.684429] audit: initializing netlink subsys (disabled)
[    0.685523] audit: type=2000 audit(1580215492.127:1): initialized
[    0.686584] Initialise system trusted keyring
[    0.687505] HugeTLB registered 2 MB page size, pre-allocated 0 pages
[    0.689447] zbud: loaded
[    0.690130] VFS: Disk quotas dquot_6.6.0
[    0.690726] VFS: Dquot-cache hash table entries: 512 (order 0, 4096 bytes)
[    0.691934] squashfs: version 4.0 (2009/01/31) Phillip Lougher
[    0.693097] fuse init (API version 7.23)
[    0.693825] Key type big_key registered
[    0.694410] Allocating IMA MOK and blacklist keyrings.
[    0.698519] Key type asymmetric registered
[    0.699246] Asymmetric key parser 'x509' registered
[    0.700086] Block layer SCSI generic (bsg) driver version 0.4 loaded (major 249)
[    0.701261] io scheduler noop registered
[    0.702034] io scheduler deadline registered (default)
[    0.702804] io scheduler cfq registered
[    0.703561] pci_hotplug: PCI Hot Plug PCI Core version: 0.5
[    0.704398] pciehp: PCI Express Hot Plug Controller Driver version: 0.4
[    0.705596] ACPI: AC Adapter [AC] (on-line)
[    0.706230] input: Power Button as /devices/LNXSYSTM:00/LNXPWRBN:00/input/input0
[    0.707404] ACPI: Power Button [PWRF]
[    0.708032] input: Sleep Button as /devices/LNXSYSTM:00/LNXSLPBN:00/input/input1
[    0.709101] ACPI: Sleep Button [SLPF]
[    0.709878] GHES: HEST is not enabled!
[    0.710338] ACPI: Battery Slot [BAT0] (battery present)
[    0.711454] Serial: 8250/16550 driver, 32 ports, IRQ sharing enabled
[    0.732700] 00:02: ttyS0 at I/O 0x3f8 (irq = 4, base_baud = 115200) is a 16550A
[    0.737001] Linux agpgart interface v0.103
[    0.738954] loop: module loaded
[    0.740078] scsi host0: ata_piix
[    0.740703] scsi host1: ata_piix
[    0.741298] ata1: PATA max UDMA/33 cmd 0x1f0 ctl 0x3f6 bmdma 0xd000 irq 14
[    0.742404] ata2: PATA max UDMA/33 cmd 0x170 ctl 0x376 bmdma 0xd008 irq 15
[    0.744239] libphy: Fixed MDIO Bus: probed
[    0.744988] tun: Universal TUN/TAP device driver, 1.6
[    0.745882] tun: (C) 1999-2004 Max Krasnyansky <maxk@qualcomm.com>
[    0.746994] PPP generic driver version 2.4.2
[    0.747770] ehci_hcd: USB 2.0 'Enhanced' Host Controller (EHCI) Driver
[    0.748648] ehci-pci: EHCI PCI platform driver
[    0.749369] ehci-platform: EHCI generic platform driver
[    0.750185] ohci_hcd: USB 1.1 'Open' Host Controller (OHCI) Driver
[    0.751096] ohci-pci: OHCI PCI platform driver
[    0.752117] ohci-platform: OHCI generic platform driver
[    0.752947] uhci_hcd: USB Universal Host Controller Interface driver
[    0.753859] i8042: PNP: PS/2 Controller [PNP0303:PS2K,PNP0f03:PS2M] at 0x60,0x64 irq 1,12
[    0.755508] serio: i8042 KBD port at 0x60,0x64 irq 1
[    0.756180] serio: i8042 AUX port at 0x60,0x64 irq 12
[    0.757109] mousedev: PS/2 mouse device common for all mice
[    0.758252] input: AT Translated Set 2 keyboard as /devices/platform/i8042/serio0/input/input2
[    0.759854] rtc_cmos rtc_cmos: rtc core: registered rtc_cmos as rtc0
[    0.760719] rtc_cmos rtc_cmos: alarms up to one day, 114 bytes nvram
[    0.761614] i2c /dev entries driver
[    0.762180] device-mapper: uevent: version 1.0.3
[    0.762907] device-mapper: ioctl: 4.34.0-ioctl (2015-10-28) initialised: dm-devel@redhat.com
[    0.764201] ledtrig-cpu: registered to indicate activity on CPUs
[    0.765296] NET: Registered protocol family 10
[    0.766255] NET: Registered protocol family 17
[    0.766887] Key type dns_resolver registered
[    0.767936] registered taskstats version 1
[    0.768764] Loading compiled-in X.509 certificates
[    0.769895] Loaded X.509 cert 'Build time autogenerated kernel key: f0e56e97f406068ace47a9bf54316e9855aaaa43'
[    0.771239] zswap: loaded using pool lzo/zbud
[    0.773038] Key type trusted registered
[    0.775545] Key type encrypted registered
[    0.776725] AppArmor: AppArmor sha1 policy hashing enabled
[    0.777532] ima: No TPM chip found, activating TPM-bypass!
[    0.778295] ima: Allocated hash algorithm: sha1
[    0.778992] evm: HMAC attrs: 0x1
[    0.779959]   Magic number: 4:31:735
[    0.780597] rtc_cmos rtc_cmos: setting system clock to 2020-01-28 12:44:47 UTC (1580215487)
[    0.781984] BIOS EDD facility v0.16 2004-Jun-25, 0 devices found
[    0.782760] EDD information not available.
[    0.906642] Freeing unused kernel memory: 1488K
[    0.907363] Write protecting the kernel read-only data: 14336k
[    0.908559] Freeing unused kernel memory: 1604K
[    0.909411] Freeing unused kernel memory: 60K
Loading, please wait...
starting version 229
[    0.920541] random: systemd-udevd: uninitialized urandom read (16 bytes read, 1 bits of entropy available)
[    0.920984] random: udevadm: uninitialized urandom read (16 bytes read, 1 bits of entropy available)
[    0.920996] random: udevadm: uninitialized urandom read (16 bytes read, 1 bits of entropy available)
[    0.925112] random: systemd-udevd: uninitialized urandom read (16 bytes read, 1 bits of entropy available)
[    0.925909] random: udevadm: uninitialized urandom read (16 bytes read, 1 bits of entropy available)
[    0.925940] random: udevadm: uninitialized urandom read (16 bytes read, 1 bits of entropy available)
[    0.926083] random: udevadm: uninitialized urandom read (16 bytes read, 1 bits of entropy available)
[    0.926123] random: udevadm: uninitialized urandom read (16 bytes read, 1 bits of entropy available)
[    0.926180] random: udevadm: uninitialized urandom read (16 bytes read, 1 bits of entropy available)
[    0.926223] random: udevadm: uninitialized urandom read (16 bytes read, 1 bits of entropy available)
[    0.951224] e1000: Intel(R) PRO/1000 Network Driver - version 7.3.21-k8-NAPI
[    0.952553] e1000: Copyright (c) 1999-2006 Intel Corporation.
[    0.958187] Fusion MPT base driver 3.04.20
[    0.958920] Copyright (c) 1999-2008 LSI Corporation
[    0.962358] Fusion MPT SPI Host driver 3.04.20
[    0.969901] AVX2 version of gcm_enc/dec engaged.
[    0.970765] AES CTR mode by8 optimization enabled
[    1.163777] input: ImExPS/2 Generic Explorer Mouse as /devices/platform/i8042/serio1/input/input4
[    1.298032] e1000 0000:00:03.0 eth0: (PCI:33MHz:32-bit) 02:dd:45:a7:5d:a0
[    1.298996] e1000 0000:00:03.0 eth0: Intel(R) PRO/1000 Network Connection
[    1.300923] e1000 0000:00:03.0 enp0s3: renamed from eth0
[    1.302186] mptbase: ioc0: Initiating bringup
[    1.677306] ioc0: LSI53C1030 A0: Capabilities={Initiator}
[    2.681357] scsi host2: ioc0: LSI53C1030 A0, FwRev=00000000h, Ports=1, MaxQ=256, IRQ=20
[    3.395825] scsi 2:0:0:0: Direct-Access     VBOX     HARDDISK         1.0  PQ: 0 ANSI: 5
[    3.396981] scsi target2:0:0: Beginning Domain Validation
[    3.399527] scsi target2:0:0: Domain Validation skipping write tests
[    3.401003] scsi target2:0:0: Ending Domain Validation
[    3.402211] scsi target2:0:0: asynchronous
[    3.403313] scsi 2:0:1:0: Direct-Access     VBOX     HARDDISK         1.0  PQ: 0 ANSI: 5
[    3.404550] scsi target2:0:1: Beginning Domain Validation
[    3.405969] scsi target2:0:1: Domain Validation skipping write tests
[    3.406850] scsi target2:0:1: Ending Domain Validation
[    3.407914] scsi target2:0:1: asynchronous
[    3.413051] sd 2:0:0:0: Attached scsi generic sg0 type 0
[    3.421964] sd 2:0:1:0: Attached scsi generic sg1 type 0
[    3.422153] sd 2:0:0:0: [sda] 20971520 512-byte logical blocks: (10.7 GB/10.0 GiB)
[    3.424577] sd 2:0:1:0: [sdb] 20480 512-byte logical blocks: (10.5 MB/10.0 MiB)
[    3.425722] sd 2:0:0:0: [sda] Write Protect is off
[    3.426766] sd 2:0:0:0: [sda] Incomplete mode parameter data
[    3.427735] sd 2:0:0:0: [sda] Assuming drive cache: write through
[    3.428541] sd 2:0:1:0: [sdb] Write Protect is off
[    3.429563] sd 2:0:1:0: [sdb] Incomplete mode parameter data
[    3.430621] sd 2:0:1:0: [sdb] Assuming drive cache: write through
[    3.433987]  sda: sda1
[    3.435416] sd 2:0:0:0: [sda] Attached SCSI disk
[    3.436568] sd 2:0:1:0: [sdb] Attached SCSI disk
Begin: Loading essential drivers ... [    4.679170] md: linear personality registered for level -1
[    4.681625] md: multipath personality registered for level -4
[    4.684048] md: raid0 personality registered for level 0
[    4.687541] md: raid1 personality registered for level 1
[    4.758522] raid6: sse2x1   gen() 10998 MB/s
[    4.826836] raid6: sse2x1   xor()  8714 MB/s
[    4.895202] raid6: sse2x2   gen() 16699 MB/s
[    4.963056] raid6: sse2x2   xor() 12237 MB/s
[    5.031010] raid6: sse2x4   gen() 19748 MB/s
[    5.099509] raid6: sse2x4   xor() 12487 MB/s
[    5.166842] raid6: avx2x1   gen() 24787 MB/s
[    5.236162] raid6: avx2x2   gen() 32648 MB/s
[    5.303076] raid6: avx2x4   gen() 27364 MB/s
[    5.303895] raid6: using algorithm avx2x2 gen() 32648 MB/s
[    5.304772] raid6: using avx2x2 recovery algorithm
[    5.306626] xor: automatically using best checksumming function:
[    5.346932]    avx       : 33294.000 MB/sec
[    5.348533] async_tx: api initialized (async)
[    5.356623] md: raid6 personality registered for level 6
[    5.357642] md: raid5 personality registered for level 5
[    5.358479] md: raid4 personality registered for level 4
[    5.363671] md: raid10 personality registered for level 10
done.
Begin: Running /scripts/init-premount ... done.
Begin: Mounting root file system ... Begin: Running /scripts/local-top ... done.
Begin: Running /scripts/local-premount ... [    5.386743] Btrfs loaded
Scanning for Btrfs filesystems
done.
Warning: fsck not present, so skipping root file system
[    5.410403] EXT4-fs (sda1): mounted filesystem with ordered data mode. Opts: (null)
done.
Begin: Running /scripts/local-bottom ... done.
Begin: Running /scripts/init-bottom ... done.
[    5.478085] systemd[1]: systemd 229 running in system mode. (+PAM +AUDIT +SELINUX +IMA +APPARMOR +SMACK +SYSVINIT +UTMP +LIBCRYPTSETUP +GCRYPT +GNUTLS +ACL +XZ -LZ4 +SECCOMP +BLKID +ELFUTILS +KMOD -IDN)
[    5.481414] systemd[1]: Detected virtualization oracle.
[    5.482130] systemd[1]: Detected architecture x86-64.

Welcome to [1mUbuntu 16.04.6 LTS[0m!

[    5.491691] systemd[1]: Set hostname to <ubuntu>.
[    5.494085] systemd[1]: Initializing machine ID from random generator.
[    5.494999] systemd[1]: Installed transient /etc/machine-id file.
[    5.582848] systemd[1]: Listening on LVM2 poll daemon socket.
[[0;32m  OK  [0m] Listening on LVM2 poll daemon socket.
[    5.591925] systemd[1]: Listening on /dev/initctl Compatibility Named Pipe.
[[0;32m  OK  [0m] Listening on /dev/initctl Compatibility Named Pipe.
[    5.593468] systemd[1]: Reached target System Time Synchronized.
[[0;32m  OK  [0m] Reached target System Time Synchronized.
[    5.603110] systemd[1]: Listening on Journal Socket.
[[0;32m  OK  [0m] Listening on Journal Socket.
[    5.604361] systemd[1]: Listening on udev Control Socket.
[[0;32m  OK  [0m] Listening on udev Control Socket.
[    5.605644] systemd[1]: Listening on Journal Socket (/dev/log).
[[0;32m  OK  [0m] Listening on Journal Socket (/dev/log).
[    5.615746] systemd[1]: Listening on Device-mapper event daemon FIFOs.
[[0;32m  OK  [0m] Listening on Device-mapper event daemon FIFOs.
[    5.617424] systemd[1]: Created slice User and Session Slice.
[[0;32m  OK  [0m] Created slice User and Session Slice.
[    5.627752] systemd[1]: Started Forward Password Requests to Wall Directory Watch.
[[0;32m  OK  [0m] Started Forward Password Requests to Wall Directory Watch.
[    5.635717] systemd[1]: Created slice System Slice.
[[0;32m  OK  [0m] Created slice System Slice.
[    5.655716] systemd[1]: Starting Set console keymap...
         Starting Set console keymap...
[    5.657730] systemd[1]: Reached target Slices.
[[0;32m  OK  [0m] Reached target Slices.
[    5.660281] systemd[1]: Starting Create list of required static device nodes for the current kernel...
         Starting Create list of required st... nodes for the current kernel...
[    5.663378] systemd[1]: Starting Remount Root and Kernel File Systems...
         Starting Remount Root and Kernel File Systems...
[    5.665809] systemd[1]: Created slice system-serial\x2dgetty.slice.
[[0;32m  OK  [0m] Created slice system-serial\x2dgetty.slice.
[    5.668088] systemd[1]: Mounting Huge Pages File System...
         Mounting Huge Pages File System...
[    5.670123] EXT4-fs (sda1): re-mounted. Opts: (null)
[    5.671566] systemd[1]: Starting Uncomplicated firewall...
         Starting Uncomplicated firewall...
[    5.679996] systemd[1]: Starting Nameserver information manager...
         Starting Nameserver information manager...
[    5.681800] systemd[1]: Mounting POSIX Message Queue File System...
         Mounting POSIX Message Queue File System...
[    5.683377] systemd[1]: Listening on LVM2 metadata daemon socket.
[[0;32m  OK  [0m] Listening on LVM2 metadata daemon socket.
[    5.685335] systemd[1]: Mounting Debug File System...
         Mounting Debug File System...
[    5.687138] systemd[1]: Reached target Encrypted Volumes.
[[0;32m  OK  [0m] Reached target Encrypted Volumes.
[    5.695060] systemd[1]: Listening on udev Kernel Socket.
[[0;32m  OK  [0m] Listening on udev Kernel Socket.
[    5.703619] systemd[1]: Started Trigger resolvconf update for networkd DNS.
[[0;32m  OK  [0m] Started Trigger resolvconf update for networkd DNS.
[    5.723765] systemd[1]: Starting Load Kernel Modules...
         Starting Load Kernel Modules...
[    5.730836] Loading iSCSI transport class v2.0-870.
[    5.731470] systemd[1]: Reached target Swap.
[[0;32m  OK  [0m] Reached target Swap.
[    5.736538] iscsi: registered transport (tcp)
[    5.739360] systemd[1]: Set up automount Arbitrary Executable File Formats File System Automount Point.
[[0;32m  OK  [0m] Set up automount Arbitrary Executab...ats File System Automount Point.
[    5.743262] systemd[1]: Starting Monitoring of LVM2 mirrors, snapshots etc. using dmeventd or progress polling...
         Starting Monitoring of LVM2 mirrors... dmeventd or progress polling...
[    5.751191] systemd[1]: Listening on Journal Audit Socket.
[[0;32m  OK  [0m] Listening on Journal Audit Socket.
[    5.753312] systemd[1]: Reached target User and Group Name Lookups.
[[0;32m  OK  [0m] Reached target User and Group Name Lookups.
[    5.755429] systemd[1]: Listening on Syslog Socket.
[[0;32m  OK  [0m] Listening on Syslog Socket.
[    5.764303] iscsi: registered transport (iser)
[    5.768021] systemd[1]: Starting Journal Service...
         Starting Journal Service...
[    5.770562] systemd[1]: Mounted POSIX Message Queue File System.
[[0;32m  OK  [0m] Mounted POSIX Message Queue File System.
[    5.772392] systemd[1]: Mounted Debug File System.
[[0;32m  OK  [0m] Mounted Debug File System.
[    5.773683] systemd[1]: Mounted Huge Pages File System.
[[0;32m  OK  [0m] Mounted Huge Pages File System.
[    5.775432] systemd[1]: Started Set console keymap.
[[0;32m  OK  [0m] Started Set console keymap.
[    5.781103] systemd[1]: Started Create list of required static device nodes for the current kernel.
[[0;32m  OK  [0m] Started Create list of required sta...ce nodes for the current kernel.
[    5.783758] systemd[1]: Started Remount Root and Kernel File Systems.
[[0;32m  OK  [0m] Started Remount Root and Kernel File Systems.
[    5.791928] systemd[1]: Started Uncomplicated firewall.
[[0;32m  OK  [0m] Started Uncomplicated firewall.
[    5.811416] systemd[1]: Started Load Kernel Modules.
[[0;32m  OK  [0m] Started Load Kernel Modules.
[    5.813884] systemd[1]: Started Journal Service.
[[0;32m  OK  [0m] Started Journal Service.
[[0;32m  OK  [0m] Started Nameserver information manager.
[[0;32m  OK  [0m] Started LVM2 metadata daemon.
         Mounting FUSE Control File System...
         Starting Apply Kernel Variables...
         Starting Flush Journal to Persistent Storage...
         Starting udev Coldplug all Devices...
         Starting Load/Save Random Seed...
         Starting Create Static Device Nodes in /dev...
[[0;32m  OK  [0m] Mounted FUSE Control File System.
[[0;32m  OK  [0m] Started Apply Kernel Variables.
[[0;32m  OK  [0m] Started Flush Journal to Persistent Storage.
[[0;32m  OK  [0m] Started Load/Save Random Seed.
[[0;32m  OK  [0m] Started Create Static Device Nodes in /dev.
         Starting udev Kernel Device Manager...
[[0;32m  OK  [0m] Started udev Coldplug all Devices.
[[0;32m  OK  [0m] Started udev Kernel Device Manager.
[[0;32m  OK  [0m] Started Dispatch Password Requests to Console Directory Watch.
[[0;32m  OK  [0m] Found device /dev/ttyS0.
[[0;32m  OK  [0m] Listening on Load/Save RF Kill Switch Status /dev/rfkill Watch.
[[0;32m  OK  [0m] Started Monitoring of LVM2 mirrors,...ng dmeventd or progress polling.
[[0;32m  OK  [0m] Reached target Local File Systems (Pre).
[[0;32m  OK  [0m] Reached target Local File Systems.
         Starting Commit a transient machine-id on disk...
         Starting Initial cloud-init job (pre-networking)...
         Starting Create Volatile Files and Directories...
         Starting LSB: AppArmor initialization...
         Starting Set console font and keymap...
         Starting Tell Plymouth To Write Out Runtime Data...
[[0;32m  OK  [0m] Started Commit a transient machine-id on disk.
[[0;32m  OK  [0m] Started Create Volatile Files and Directories.
         Starting Update UTMP about System Boot/Shutdown...
[[0;32m  OK  [0m] Started Update UTMP about System Boot/Shutdown.
[[0;32m  OK  [0m] Started Tell Plymouth To Write Out Runtime Data.
[    7.000602] cloud-init[605]: Cloud-init v. 19.2-36-g059d049c-0ubuntu2~16.04.1 running 'init-local' at Tue, 28 Jan 2020 12:44:53 +0000. Up 6.74 seconds.
[[0;32m  OK  [0m] Started Initial cloud-init job (pre-networking).
[[0;32m  OK  [0m] Started LSB: AppArmor initialization.
[[0;32m  OK  [0m] Reached target Network (Pre).
         Starting Raise network interfaces...
[[0;32m  OK  [0m] Started Set console font and keymap.
[[0;32m  OK  [0m] Created slice system-getty.slice.
[[0;32m  OK  [0m] Started Raise network interfaces.
         Starting Initial cloud-init job (metadata service crawler)...
[[0;32m  OK  [0m] Reached target Network.
[    7.790221] cloud-init[946]: Cloud-init v. 19.2-36-g059d049c-0ubuntu2~16.04.1 running 'init' at Tue, 28 Jan 2020 12:44:54 +0000. Up 7.41 seconds.
[    7.791132] cloud-init[946]: ci-info: ++++++++++++++++++++++++++++++++++++++Net device info++++++++++++++++++++++++++++++++++++++
[    7.792224] cloud-init[946]: ci-info: +--------+------+----------------------------+---------------+--------+-------------------+
[    7.800263] cloud-init[946]: ci-info: | Device |  Up  |          Address           |      Mask     | Scope  |     Hw-Address    |
[    7.801237] cloud-init[946]: ci-info: +--------+------+----------------------------+---------------+--------+-------------------+
[    7.802122] cloud-init[946]: ci-info: | enp0s3 | True |         10.0.2.15          | 255.255.255.0 | global | 02:dd:45:a7:5d:a0 |
[    7.803228] cloud-init[946]: ci-info: | enp0s3 | True | fe80::dd:45ff:fea7:5da0/64 |       .       |  link  | 02:dd:45:a7:5d:a0 |
[    7.804458] cloud-init[946]: ci-info: |   lo   | True |         127.0.0.1          |   255.0.0.0   |  host  |         .         |
[    7.805808] cloud-init[946]: ci-info: |   lo   | True |          ::1/128           |       .       |  host  |         .         |
[    7.812667] cloud-init[946]: ci-info: +--------+------+----------------------------+---------------+--------+-------------------+
[    7.813753] cloud-init[946]: ci-info: +++++++++++++++++++++++++++Route IPv4 info++++++++++++++++++++++++++++
[    7.814734] cloud-init[946]: ci-info: +-------+-------------+----------+---------------+-----------+-------+
[    7.815726] cloud-init[946]: ci-info: | Route | Destination | Gateway  |    Genmask    | Interface | Flags |
[    7.816676] cloud-init[946]: ci-info: +-------+-------------+----------+---------------+-----------+-------+
[    7.817730] cloud-init[946]: ci-info: |   0   |   0.0.0.0   | 10.0.2.2 |    0.0.0.0    |   enp0s3  |   UG  |
[    7.818957] cloud-init[946]: ci-info: |   1   |   10.0.2.0  | 0.0.0.0  | 255.255.255.0 |   enp0s3  |   U   |
[    7.820173] cloud-init[946]: ci-info: +-------+-------------+----------+---------------+-----------+-------+
[    7.821325] cloud-init[946]: ci-info: +++++++++++++++++++Route IPv6 info+++++++++++++++++++
[    7.822355] cloud-init[946]: ci-info: +-------+-------------+---------+-----------+-------+
[    7.823335] cloud-init[946]: ci-info: | Route | Destination | Gateway | Interface | Flags |
[    7.824313] cloud-init[946]: ci-info: +-------+-------------+---------+-----------+-------+
[    7.825252] cloud-init[946]: ci-info: |   0   |  fe80::/64  |    ::   |   enp0s3  |   U   |
[    7.826166] cloud-init[946]: ci-info: |   3   |   ff00::/8  |    ::   |   enp0s3  |   U   |
[    7.827118] cloud-init[946]: [[0;32m  OK  [0m] Started Initial cloud-init job (metadata service crawler).
[[0;32m  OK  [0m] Reached target Cloud-config availability.
[[0;32m  OK  [0m] Reached target System Initialization.
[[0;32m  OK  [0m] Listening on ACPID Listen Socket.
[[0;32m  OK  [0m] Started Daily Cleanup of Temporary Directories.
ci-info: +-------+-------------+---------+-----------+-------+         Starting LXD - unix socket.
[[0;32m  OK  [0m] Started Message of the Day.
[[0;32m  OK  [0m] Started ACPI Events Check.
[[0;32m  OK  [0m] Reached target Paths.
         Starting Socket activation for snappy daemon.
[[0;32m  OK  [0m] Started Daily apt download activities.
[[0;32m  OK  [0m] Listening on D-Bus System Message Bus Socket.
[[0;32m  OK  [0m] Listening on UUID daemon activation socket.
[[0;32m  OK  [0m] Started Daily apt upgrade and clean activities.
[[0;32m  OK  [0m] Reached target Timers.
[[0;32m  OK  [0m] Reached target Network is Online.

[    7.834407] cloud-init[946]: Generating public/private rsa key pair.
[    7.835421] cloud-init[946]: Your identification has been saved in /etc/ssh/ssh_host_rsa_key.
[    7.836349] cloud-init[946]: Your public key has been saved in /etc/ssh/ssh_host_rsa_key.pub.
[    7.837430] cloud-init[946]: The key fingerprint is:
[    7.844352]          cloud-initStarting iSCSI initiator daemon (iscsid)...[946]: 
SHA256:A0EivyPpCnCUkQpdR94kSt2eMhfQJ36UKtZ0vAyNu80 root@ubuntu-xenial
[[0;32m  OK  [0m] Listening on LXD - unix socket.
[[0;32m  OK  [0m] Listening on Socket activation for snappy daemon.
[    7.845763] cloud-init[946]: The key's randomart image is:
[    7.860195] [[0;32m  OK  [0m] Reached target Sockets.
[[0;32m  OK  [0m] Reached target Basic System.
cloud-init[946]: +---[RSA 2048]----+
[[0;32m  OK  [0m] Started FUSE filesystem for LXC.
         Starting Virtualbox guest utils...
         Starting LSB: MD monitoring daemon...
         Starting LSB: Record successful boot for GRUB...
[[0;32m  OK  [0m] Started ACPI event daemon.
         Starting Accounts Service...
         Starting /etc/rc.local Compatibility...
[[0;32m  OK  [0m] Started Regular background program processing daemon.
         Starting System Logging Service...
         Starting Snappy daemon...
         Starting Pollinate to seed the pseudo random number generator...
[[0;32m  OK  [0m] Started Deferred execution scheduler.
[[0;32m  OK  [0m] Started D-Bus System Message Bus.
[    7.862319] cloud-init[946]: | .oo++B+.+ .     |
[    7.884867] cloud-init[946]: |. o* =.=O B      |
[    7.885851] cloud-init[946]: |..o o o=.% .     |
[    7.892566] cloud-init[946]: |.. . .=.O +      |
[    7.893740] cloud-init[946]: |. + o. =S=       |
[    7.894621] cloud-init[946]: |.o . .  ..E      |
[    7.895561] cloud-init[946]: |. .              |
[    7.896515] cloud-init[946]: |..               |
[    7.897428] cloud-init[946]: |.                |
[    7.898433] cloud-init[946]: +----[SHA256]-----+
[    7.899673] cloud-init[946]: Generating public/private dsa key pair.
[    7.900767] cloud-init[946]: Your identification has been saved in /etc/ssh/ssh_host_dsa_key.
[    7.902597] cloud-init[946]: Your public key has been saved in /etc/ssh/ssh_host_dsa_key.pub.
[    7.903861] cloud-init[946]: The key fingerprint is:
[    7.906056] cloud-init[946]: SHA256:bb3kOiNh+vzZYnzniBJiMxF7QKhm/uP52E3l/5LeXqE root@ubuntu-xenial
[    7.907350] cloud-init[946]: The key's randomart image is:
[    7.916876] cloud-init[946]: +---[DSA 1024]----+
[    7.917849] cloud-init[946]: |     o.          |
[    7.919369] cloud-init[946]: |    . o          |
[    7.920889] cloud-init[946]: |   .   +         |
[    7.922413] cloud-init[946]: |  +   o .. .     |
[    7.924087] cloud-init[946]: | +     oS + o  . |
[    7.925525] cloud-init[946]: |  .   = ++ o .. .|
[    7.936562] cloud-init[946]: |   . . *.+. oE  .|
[    7.938431] cloud-init[946]: |    o+.+o **+o.. |
[    7.941016] cloud-init[946]: |   .+oo.+==*=*=  |
[    7.943400] cloud-init[946]: +----[SHA256]-----+
[    7.950817] cloud-init[946]: Generating public/private ecdsa key pair.
[    7.952060] cloud-init[946]: Your identification has been saved in /etc/ssh/ssh_host_ecdsa_key.
[    7.953519] cloud-init[946]: Your public key has been saved in /etc/ssh/ssh_host_ecdsa_key.pub.
[    7.961332] cloud-init[946]: The key fingerprint is:
[    7.975269] cloud-init[946]: SHA256:c9rF7NYuCU2dqbT8bxjZYiaYdtYvUNeTcmDgGmJLRsk root@ubuntu-xenial
[    7.986427] cloud-init[946]: The key's randomart image is:
[    7.987355] cloud-init[946]: +---[ECDSA 256]---+
         Starting Login Service...
[    7.992290] cloud-init[946]: |      ...  ..    |
         Starting LXD - container startup/shutdown...
[    7.999325] cloud-init[946]: |      .E  .  o   |
[    8.005013] cloud-init[946]: |       = . ....oo|
[[0;32m  OK  [0m] Started System Logging Service.
[    8.008990] [[0;32m  OK  [0m] Started iSCSI initiator daemon (iscsid).
[[0;32m  OK  [0m] Started /etc/rc.local Compatibility.
cloud-init[946]: |      + o ooo.=+o|
[    8.018132] cloud-init[946]: |       .S..B+=o+.|
[    8.018984] cloud-init[946]: |         ==oX.B .|
[    8.019963] cloud-init[946]: |        ...+oB.= |
[    8.021627] cloud-init[946]: |           .o.+ o|
[    8.023724] cloud-init[946]: |             ..+.|
[    8.032672] cloud-init[946]: +----[SHA256]-----+
[    8.033775] cloud-init[946]: Generating public/private ed25519 key pair.
[    8.037649] cloud-init[946]: Your identification has been saved in /etc/ssh/ssh_host_ed25519_key.
         Starting Authenticate and Authorize Users to Run Privileged Tasks...
         Starting Login to default iSCSI targets...
[    8.041332] cloud-init[946]: Your public key has been saved in /etc/ssh/ssh_host_ed25519_key.pub.
[[0;32m  OK  [0m] Started Login Service.
[[0;32m  OK  [0m] Started Unattended Upgrades Shutdown.
[[0;32m  OK  [0m] Started LSB: Record successful boot for GRUB.
[    8.062986] cloud-init[946]: The key fingerprint is:
[    8.067035] cloud-init[946]: SHA256:f9jtGQsCmX6d9V04pLeFwc3K1bI7Tzsm4cTvBcRM+jw root@ubuntu-xenial
[    8.068266] cloud-init[946]: The key's randomart image is:
[    8.069977] cloud-init[946]: +--[ED25519 256]--+
[    8.080790] cloud-init[[0;32m  OK  [0m] Started LSB: MD monitoring daemon.
[946]: |              .  |
[    8.096652] cloud-init[946]: |             * o.|
[    8.097744] cloud-init[946]: |            . O =|
[[0;32m  OK  [0m] Started Login to default iSCSI targets.
[[0;32m  OK  [0m] Reached target Remote File Systems (Pre).
[[0;32m  OK  [0m] Reached target Remote File Systems.
[    8.102625] cloud-init[946]:          Starting Permit User Sessions...
|         o   B O |
         Starting LSB: automatic crash report generation...
         Starting LSB: Set the CPU Frequency Scaling governor to "ondemand"...
         Starting LSB: daemon to balance interrupts for SMP systems...
[[0;32m  OK  [0m] Started Permit User Sessions.
         Starting Hold until boot process finishes up...
[    8.120945]          Starting Terminate Plymouth Boot Screen...
[[0;32m  OK  [0m] Started Hold until boot process finishes up.
cloud-init[946]: |        S   o E o|
[    8.144671] cloud-init[946]: [[0;32m  OK  [0m] Started Authenticate and Authorize Users to Run Privileged Tasks.
|       . o + O Oo|
[[0;32m  OK  [0m] Started Getty on tty1.
[    8.163088] cloud-init[946]: |        . = O O =|
[[0;32m  OK  [0m] Started Serial Getty on ttyS0.
[[0;32m  OK  [0m] Reached target Login Prompts.
         Starting Set console scheme...
[    8.174815] cloud-init[[0;32m  OK  [0m] Started Terminate Plymouth Boot Screen.
[[946]: |         . o = @o|
[0;32m  OK  [0m] Started Accounts Service.
[    8.183231] cloud-init[946]: |              Boo|
[    8.190951] [[0;32m  OK  [0m] Started Set console scheme.
[[0;32m  OK  [0m] Started LSB: Set the CPU Frequency Scaling governor to "ondemand".
[[0;32m  OK  [0m] Started LSB: daemon to balance interrupts for SMP systems.
cloud-init[946]: +----[SHA256]-----+
[[0;32m  OK  [0m] Started LSB: automatic crash report generation.
[[0;32m  OK  [0m] Started Virtualbox guest utils.
[[0;32m  OK  [0m] Started LXD - container startup/shutdown.
[[0;32m  OK  [0m] Started Snappy daemon.
         Starting Wait until snapd is fully seeded...
[[0;32m  OK  [0m] Started Pollinate to seed the pseudo random number generator.
         Starting OpenBSD Secure Shell server...
[[0;32m  OK  [0m] Started OpenBSD Secure Shell server.
[[0;32m  OK  [0m] Started Wait until snapd is fully seeded.
         Starting Apply the settings specified in cloud-config...
[[0;32m  OK  [0m] Reached target Multi-User System.
[[0;32m  OK  [0m] Reached target Graphical Interface.
         Starting Update UTMP about System Runlevel Changes...
[[0;32m  OK  [0m] Started Update UTMP about System Runlevel Changes.
[   10.177477] cloud-init[1302]: Generating locales (this might take a while)...
[   10.810481] cloud-init[1302]:   en_US.UTF-8... done
[   10.811267] cloud-init[1302]: Generation complete.
[   11.016027] cloud-init[1302]: Cloud-init v. 19.2-36-g059d049c-0ubuntu2~16.04.1 running 'modules:config' at Tue, 28 Jan 2020 12:44:56 +0000. Up 10.11 seconds.
[[0;32m  OK  [0m] Started Apply the settings specified in cloud-config.
         Starting Execute cloud user/final scripts...
ci-info: no authorized ssh keys fingerprints found for user ubuntu.
<14>Jan 28 12:44:58 ec2: 
<14>Jan 28 12:44:58 ec2: #############################################################
<14>Jan 28 12:44:58 ec2: -----BEGIN SSH HOST KEY FINGERPRINTS-----
<14>Jan 28 12:44:58 ec2: 1024 SHA256:bb3kOiNh+vzZYnzniBJiMxF7QKhm/uP52E3l/5LeXqE root@ubuntu-xenial (DSA)
<14>Jan 28 12:44:58 ec2: 256 SHA256:c9rF7NYuCU2dqbT8bxjZYiaYdtYvUNeTcmDgGmJLRsk root@ubuntu-xenial (ECDSA)
<14>Jan 28 12:44:58 ec2: 256 SHA256:f9jtGQsCmX6d9V04pLeFwc3K1bI7Tzsm4cTvBcRM+jw root@ubuntu-xenial (ED25519)
<14>Jan 28 12:44:58 ec2: 2048 SHA256:A0EivyPpCnCUkQpdR94kSt2eMhfQJ36UKtZ0vAyNu80 root@ubuntu-xenial (RSA)
<14>Jan 28 12:44:58 ec2: -----END SSH HOST KEY FINGERPRINTS-----
<14>Jan 28 12:44:58 ec2: #############################################################
-----BEGIN SSH HOST KEY KEYS-----
ecdsa-sha2-nistp256 AAAAE2VjZHNhLXNoYTItbmlzdHAyNTYAAAAIbmlzdHAyNTYAAABBBNnbbaoEFmHsHygx1dTtTbNQR797dvlYWnXaAnDzFKSYSlBqivtq9EZLKVkBgw/YvTYPaYaoDJLuplA0PHq6jCU= root@ubuntu-xenial
ssh-ed25519 AAAAC3NzaC1lZDI1NTE5AAAAIJdtPeDl6ZtwsfSP3cO/XLPm7tuh3dH99rjfKEX8jjaU root@ubuntu-xenial
ssh-rsa AAAAB3NzaC1yc2EAAAADAQABAAABAQDFOJdKD3Qz70nooHUpMFLTvHJgZwkLBWDpazxqdXQRlso50/Hh2CVyuGHVmeTxgDH+WpQGW9U6VjWPgHOXMOh0FEVbpUmSnSlKkYMn+aSQdMfy1lY3S2a9UX5gz1sk362zlmL2e4bv66nT5O0COlcWY5sP00sAuDNTjpjMHAeqjNCzO9wqBmoWt1QnypOD9EajO042AphzPVJvX+CKakrD+ytz1B3IXXM+cO9bqYQ7NA2YD3tO5n6qzvkSnv8DiAWvABu7Sg0B/B4bKFF2+/EA8fTxIsz09vI8q+ug3A6kVS59Je1wf/yWcdSXVgeU7Tw+TNbzTTIjV8Jtxo8jJ5HL root@ubuntu-xenial
-----END SSH HOST KEY KEYS-----
[   11.313084] cloud-init[1343]: Cloud-init v. 19.2-36-g059d049c-0ubuntu2~16.04.1 running 'modules:final' at Tue, 28 Jan 2020 12:44:58 +0000. Up 11.22 seconds.
[   11.320947] cloud-init[1343]: ci-info: no authorized ssh keys fingerprints found for user ubuntu.
[   11.321847] cloud-init[1343]: Cloud-init v. 19.2-36-g059d049c-0ubuntu2~16.04.1 finished at Tue, 28 Jan 2020 12:44:58 +0000. Datasource DataSourceNoCloud [seed=/dev/sdb][dsmode=net].  Up 11.30 seconds
[[0;32m  OK  [0m] Started Execute cloud user/final scripts.
[[0;32m  OK  [0m] Reached target Cloud-init target.

Ubuntu 16.04.6 LTS ubuntu-xenial ttyS0

ubuntu-xenial login: 